{"C:\\Users\\Caio Augusto\\Desktop\\Front-end\\typescript-solid-concepts\\src\\DIP\\classes\\customer.ts": {"path":"C:\\Users\\Caio Augusto\\Desktop\\Front-end\\typescript-solid-concepts\\src\\DIP\\classes\\customer.ts","statementMap":{"0":{"start":{"line":7,"column":0},"end":{"line":7,"column":13}},"1":{"start":{"line":11,"column":11},"end":{"line":11,"column":28}},"2":{"start":{"line":12,"column":11},"end":{"line":12,"column":27}},"3":{"start":{"line":13,"column":11},"end":{"line":13,"column":22}},"4":{"start":{"line":16,"column":9},"end":{"line":18,"column":null}},"5":{"start":{"line":17,"column":4},"end":{"line":17,"column":48}},"6":{"start":{"line":20,"column":9},"end":{"line":22,"column":null}},"7":{"start":{"line":21,"column":4},"end":{"line":21,"column":20}},"8":{"start":{"line":23,"column":0},"end":{"line":23,"column":null}},"9":{"start":{"line":7,"column":13},"end":{"line":7,"column":31}},"10":{"start":{"line":24,"column":0},"end":{"line":24,"column":13}},"11":{"start":{"line":27,"column":21},"end":{"line":27,"column":33}},"12":{"start":{"line":27,"column":42},"end":{"line":27,"column":54}},"13":{"start":{"line":29,"column":2},"end":{"line":31,"column":null}},"14":{"start":{"line":30,"column":4},"end":{"line":30,"column":21}},"15":{"start":{"line":33,"column":2},"end":{"line":35,"column":null}},"16":{"start":{"line":34,"column":4},"end":{"line":34,"column":21}},"17":{"start":{"line":36,"column":0},"end":{"line":36,"column":null}},"18":{"start":{"line":24,"column":13},"end":{"line":24,"column":31}}},"fnMap":{"0":{"name":"(anonymous_0)","decl":{"start":{"line":7,"column":0},"end":{"line":7,"column":13}},"loc":{"start":{"line":7,"column":0},"end":{"line":23,"column":null}}},"1":{"name":"IndividualCustomer","decl":{"start":{"line":10,"column":2},"end":{"line":10,"column":null}},"loc":{"start":{"line":13,"column":22},"end":{"line":14,"column":6}}},"2":{"name":"(anonymous_2)","decl":{"start":{"line":16,"column":2},"end":{"line":16,"column":9}},"loc":{"start":{"line":16,"column":2},"end":{"line":18,"column":3}}},"3":{"name":"(anonymous_3)","decl":{"start":{"line":20,"column":2},"end":{"line":20,"column":9}},"loc":{"start":{"line":20,"column":2},"end":{"line":22,"column":3}}},"4":{"name":"(anonymous_4)","decl":{"start":{"line":24,"column":0},"end":{"line":24,"column":13}},"loc":{"start":{"line":24,"column":0},"end":{"line":36,"column":null}}},"5":{"name":"EnterpriseCustomer","decl":{"start":{"line":27,"column":2},"end":{"line":27,"column":21}},"loc":{"start":{"line":27,"column":54},"end":{"line":27,"column":58}}},"6":{"name":"(anonymous_6)","decl":{"start":{"line":29,"column":2},"end":{"line":29,"column":9}},"loc":{"start":{"line":29,"column":2},"end":{"line":31,"column":3}}},"7":{"name":"(anonymous_7)","decl":{"start":{"line":33,"column":2},"end":{"line":33,"column":7}},"loc":{"start":{"line":33,"column":2},"end":{"line":35,"column":3}}}},"branchMap":{},"s":{"0":2,"1":2,"2":2,"3":2,"4":2,"5":2,"6":2,"7":2,"8":2,"9":2,"10":2,"11":1,"12":1,"13":2,"14":1,"15":2,"16":1,"17":2,"18":2},"f":{"0":2,"1":2,"2":2,"3":2,"4":2,"5":1,"6":1,"7":1},"b":{}}
,"C:\\Users\\Caio Augusto\\Desktop\\Front-end\\typescript-solid-concepts\\src\\DIP\\classes\\discount.ts": {"path":"C:\\Users\\Caio Augusto\\Desktop\\Front-end\\typescript-solid-concepts\\src\\DIP\\classes\\discount.ts","statementMap":{"0":{"start":{"line":1,"column":0},"end":{"line":1,"column":13}},"1":{"start":{"line":2,"column":12},"end":{"line":2,"column":33}},"2":{"start":{"line":4,"column":9},"end":{"line":6,"column":null}},"3":{"start":{"line":5,"column":4},"end":{"line":5,"column":41}},"4":{"start":{"line":7,"column":0},"end":{"line":7,"column":null}},"5":{"start":{"line":1,"column":13},"end":{"line":1,"column":21}},"6":{"start":{"line":9,"column":0},"end":{"line":9,"column":null}},"7":{"start":{"line":9,"column":42},"end":{"line":9,"column":50}},"8":{"start":{"line":9,"column":0},"end":{"line":9,"column":13}},"9":{"start":{"line":10,"column":12},"end":{"line":10,"column":35}},"10":{"start":{"line":11,"column":0},"end":{"line":11,"column":null}},"11":{"start":{"line":9,"column":13},"end":{"line":9,"column":33}},"12":{"start":{"line":13,"column":0},"end":{"line":13,"column":null}},"13":{"start":{"line":13,"column":40},"end":{"line":13,"column":48}},"14":{"start":{"line":13,"column":0},"end":{"line":13,"column":13}},"15":{"start":{"line":14,"column":12},"end":{"line":14,"column":35}},"16":{"start":{"line":15,"column":0},"end":{"line":15,"column":null}},"17":{"start":{"line":13,"column":13},"end":{"line":13,"column":31}},"18":{"start":{"line":17,"column":0},"end":{"line":17,"column":42}},"19":{"start":{"line":17,"column":32},"end":{"line":17,"column":40}},"20":{"start":{"line":17,"column":42},"end":{"line":17,"column":null}},"21":{"start":{"line":17,"column":13},"end":{"line":17,"column":23}}},"fnMap":{"0":{"name":"(anonymous_6)","decl":{"start":{"line":1,"column":0},"end":{"line":1,"column":13}},"loc":{"start":{"line":1,"column":0},"end":{"line":7,"column":null}}},"1":{"name":"(anonymous_8)","decl":{"start":{"line":4,"column":2},"end":{"line":4,"column":9}},"loc":{"start":{"line":4,"column":32},"end":{"line":6,"column":3}}},"2":{"name":"(anonymous_9)","decl":{"start":{"line":9,"column":0},"end":{"line":9,"column":13}},"loc":{"start":{"line":9,"column":0},"end":{"line":11,"column":null}}},"3":{"name":"(anonymous_11)","decl":{"start":{"line":13,"column":0},"end":{"line":13,"column":13}},"loc":{"start":{"line":13,"column":0},"end":{"line":15,"column":null}}},"4":{"name":"(anonymous_13)","decl":{"start":{"line":17,"column":0},"end":{"line":17,"column":13}},"loc":{"start":{"line":17,"column":0},"end":{"line":17,"column":-1}}}},"branchMap":{"0":{"loc":{"start":{"line":9,"column":0},"end":{"line":9,"column":13}},"type":"binary-expr","locations":[{"start":{"line":9,"column":0},"end":{"line":9,"column":13}},{"start":{"line":9,"column":0},"end":{"line":9,"column":13}},{"start":{"line":9,"column":0},"end":{"line":9,"column":13}}]},"1":{"loc":{"start":{"line":13,"column":0},"end":{"line":13,"column":13}},"type":"binary-expr","locations":[{"start":{"line":13,"column":0},"end":{"line":13,"column":13}},{"start":{"line":13,"column":0},"end":{"line":13,"column":13}},{"start":{"line":13,"column":0},"end":{"line":13,"column":13}}]}},"s":{"0":3,"1":7,"2":3,"3":4,"4":3,"5":3,"6":3,"7":3,"8":1,"9":1,"10":3,"11":3,"12":3,"13":3,"14":1,"15":1,"16":3,"17":3,"18":3,"19":3,"20":3,"21":3},"f":{"0":10,"1":4,"2":4,"3":4,"4":8},"b":{"0":[1,1,1],"1":[1,1,1]}}
,"C:\\Users\\Caio Augusto\\Desktop\\Front-end\\typescript-solid-concepts\\src\\DIP\\classes\\order.ts": {"path":"C:\\Users\\Caio Augusto\\Desktop\\Front-end\\typescript-solid-concepts\\src\\DIP\\classes\\order.ts","statementMap":{"0":{"start":{"line":7,"column":0},"end":{"line":7,"column":13}},"1":{"start":{"line":11,"column":21},"end":{"line":11,"column":55}},"2":{"start":{"line":12,"column":21},"end":{"line":12,"column":49}},"3":{"start":{"line":13,"column":21},"end":{"line":13,"column":53}},"4":{"start":{"line":14,"column":21},"end":{"line":14,"column":44}},"5":{"start":{"line":8,"column":10},"end":{"line":8,"column":45}},"6":{"start":{"line":17,"column":2},"end":{"line":19,"column":null}},"7":{"start":{"line":18,"column":4},"end":{"line":18,"column":29}},"8":{"start":{"line":21,"column":9},"end":{"line":33,"column":null}},"9":{"start":{"line":22,"column":4},"end":{"line":24,"column":null}},"10":{"start":{"line":23,"column":6},"end":{"line":23,"column":45}},"11":{"start":{"line":26,"column":4},"end":{"line":26,"column":33}},"12":{"start":{"line":27,"column":4},"end":{"line":27,"column":58}},"13":{"start":{"line":28,"column":4},"end":{"line":28,"column":33}},"14":{"start":{"line":29,"column":4},"end":{"line":29,"column":30}},"15":{"start":{"line":30,"column":4},"end":{"line":32,"column":6}},"16":{"start":{"line":34,"column":0},"end":{"line":34,"column":null}},"17":{"start":{"line":7,"column":13},"end":{"line":7,"column":18}}},"fnMap":{"0":{"name":"(anonymous_0)","decl":{"start":{"line":7,"column":0},"end":{"line":7,"column":13}},"loc":{"start":{"line":7,"column":0},"end":{"line":34,"column":null}}},"1":{"name":"Order","decl":{"start":{"line":10,"column":2},"end":{"line":10,"column":null}},"loc":{"start":{"line":14,"column":44},"end":{"line":15,"column":6}}},"2":{"name":"(anonymous_2)","decl":{"start":{"line":17,"column":2},"end":{"line":17,"column":6}},"loc":{"start":{"line":17,"column":2},"end":{"line":19,"column":3}}},"3":{"name":"(anonymous_3)","decl":{"start":{"line":21,"column":2},"end":{"line":21,"column":9}},"loc":{"start":{"line":21,"column":2},"end":{"line":33,"column":3}}}},"branchMap":{"0":{"loc":{"start":{"line":22,"column":4},"end":{"line":24,"column":null}},"type":"if","locations":[{"start":{"line":22,"column":4},"end":{"line":24,"column":null}}]}},"s":{"0":1,"1":1,"2":1,"3":1,"4":1,"5":1,"6":1,"7":2,"8":1,"9":1,"10":0,"11":1,"12":1,"13":1,"14":1,"15":1,"16":1,"17":1},"f":{"0":1,"1":1,"2":2,"3":1},"b":{"0":[0]}}
,"C:\\Users\\Caio Augusto\\Desktop\\Front-end\\typescript-solid-concepts\\src\\DIP\\classes\\product.ts": {"path":"C:\\Users\\Caio Augusto\\Desktop\\Front-end\\typescript-solid-concepts\\src\\DIP\\classes\\product.ts","statementMap":{"0":{"start":{"line":3,"column":0},"end":{"line":3,"column":13}},"1":{"start":{"line":4,"column":21},"end":{"line":4,"column":33}},"2":{"start":{"line":4,"column":42},"end":{"line":4,"column":55}},"3":{"start":{"line":5,"column":0},"end":{"line":5,"column":null}},"4":{"start":{"line":3,"column":13},"end":{"line":3,"column":20}}},"fnMap":{"0":{"name":"(anonymous_0)","decl":{"start":{"line":3,"column":0},"end":{"line":3,"column":13}},"loc":{"start":{"line":3,"column":0},"end":{"line":5,"column":null}}},"1":{"name":"Product","decl":{"start":{"line":4,"column":2},"end":{"line":4,"column":21}},"loc":{"start":{"line":4,"column":55},"end":{"line":4,"column":59}}}},"branchMap":{},"s":{"0":1,"1":2,"2":2,"3":1,"4":1},"f":{"0":1,"1":2},"b":{}}
,"C:\\Users\\Caio Augusto\\Desktop\\Front-end\\typescript-solid-concepts\\src\\DIP\\classes\\shopping_cart.ts": {"path":"C:\\Users\\Caio Augusto\\Desktop\\Front-end\\typescript-solid-concepts\\src\\DIP\\classes\\shopping_cart.ts","statementMap":{"0":{"start":{"line":5,"column":0},"end":{"line":5,"column":13}},"1":{"start":{"line":8,"column":31},"end":{"line":8,"column":49}},"2":{"start":{"line":6,"column":19},"end":{"line":6,"column":39}},"3":{"start":{"line":10,"column":9},"end":{"line":12,"column":null}},"4":{"start":{"line":11,"column":4},"end":{"line":11,"column":27}},"5":{"start":{"line":14,"column":9},"end":{"line":16,"column":null}},"6":{"start":{"line":15,"column":4},"end":{"line":15,"column":33}},"7":{"start":{"line":18,"column":2},"end":{"line":20,"column":null}},"8":{"start":{"line":19,"column":4},"end":{"line":19,"column":23}},"9":{"start":{"line":22,"column":9},"end":{"line":26,"column":null}},"10":{"start":{"line":23,"column":4},"end":{"line":25,"column":6}},"11":{"start":{"line":24,"column":39},"end":{"line":24,"column":56}},"12":{"start":{"line":28,"column":9},"end":{"line":30,"column":null}},"13":{"start":{"line":29,"column":4},"end":{"line":29,"column":49}},"14":{"start":{"line":32,"column":9},"end":{"line":34,"column":null}},"15":{"start":{"line":33,"column":4},"end":{"line":33,"column":35}},"16":{"start":{"line":36,"column":9},"end":{"line":38,"column":null}},"17":{"start":{"line":37,"column":4},"end":{"line":37,"column":27}},"18":{"start":{"line":39,"column":0},"end":{"line":39,"column":null}},"19":{"start":{"line":5,"column":13},"end":{"line":5,"column":25}}},"fnMap":{"0":{"name":"(anonymous_0)","decl":{"start":{"line":5,"column":0},"end":{"line":5,"column":13}},"loc":{"start":{"line":5,"column":0},"end":{"line":39,"column":null}}},"1":{"name":"ShoppingCart","decl":{"start":{"line":8,"column":2},"end":{"line":8,"column":31}},"loc":{"start":{"line":8,"column":49},"end":{"line":8,"column":53}}},"2":{"name":"(anonymous_2)","decl":{"start":{"line":10,"column":2},"end":{"line":10,"column":9}},"loc":{"start":{"line":10,"column":27},"end":{"line":12,"column":3}}},"3":{"name":"(anonymous_3)","decl":{"start":{"line":14,"column":2},"end":{"line":14,"column":9}},"loc":{"start":{"line":14,"column":33},"end":{"line":16,"column":3}}},"4":{"name":"(anonymous_4)","decl":{"start":{"line":18,"column":2},"end":{"line":18,"column":6}},"loc":{"start":{"line":18,"column":2},"end":{"line":20,"column":3}}},"5":{"name":"(anonymous_5)","decl":{"start":{"line":22,"column":2},"end":{"line":22,"column":9}},"loc":{"start":{"line":22,"column":2},"end":{"line":26,"column":3}}},"6":{"name":"(anonymous_6)","decl":{"start":{"line":24,"column":25},"end":{"line":24,"column":26}},"loc":{"start":{"line":24,"column":34},"end":{"line":24,"column":43}}},"7":{"name":"(anonymous_7)","decl":{"start":{"line":28,"column":2},"end":{"line":28,"column":9}},"loc":{"start":{"line":28,"column":2},"end":{"line":30,"column":3}}},"8":{"name":"(anonymous_8)","decl":{"start":{"line":32,"column":2},"end":{"line":32,"column":9}},"loc":{"start":{"line":32,"column":2},"end":{"line":34,"column":3}}},"9":{"name":"(anonymous_9)","decl":{"start":{"line":36,"column":2},"end":{"line":36,"column":9}},"loc":{"start":{"line":36,"column":2},"end":{"line":38,"column":3}}}},"branchMap":{},"s":{"0":2,"1":4,"2":4,"3":2,"4":4,"5":2,"6":0,"7":2,"8":12,"9":2,"10":2,"11":4,"12":2,"13":1,"14":2,"15":8,"16":2,"17":2,"18":2,"19":2},"f":{"0":2,"1":4,"2":4,"3":0,"4":12,"5":2,"6":4,"7":1,"8":8,"9":2},"b":{}}
,"C:\\Users\\Caio Augusto\\Desktop\\Front-end\\typescript-solid-concepts\\src\\DIP\\services\\messaging.ts": {"path":"C:\\Users\\Caio Augusto\\Desktop\\Front-end\\typescript-solid-concepts\\src\\DIP\\services\\messaging.ts","statementMap":{"0":{"start":{"line":3,"column":0},"end":{"line":3,"column":13}},"1":{"start":{"line":4,"column":9},"end":{"line":6,"column":null}},"2":{"start":{"line":5,"column":4},"end":{"line":5,"column":46}},"3":{"start":{"line":7,"column":0},"end":{"line":7,"column":null}},"4":{"start":{"line":3,"column":13},"end":{"line":3,"column":22}}},"fnMap":{"0":{"name":"(anonymous_0)","decl":{"start":{"line":3,"column":0},"end":{"line":3,"column":13}},"loc":{"start":{"line":3,"column":0},"end":{"line":7,"column":null}}},"1":{"name":"(anonymous_2)","decl":{"start":{"line":4,"column":2},"end":{"line":4,"column":9}},"loc":{"start":{"line":4,"column":36},"end":{"line":6,"column":3}}}},"branchMap":{},"s":{"0":2,"1":2,"2":7,"3":2,"4":2},"f":{"0":9,"1":7},"b":{}}
,"C:\\Users\\Caio Augusto\\Desktop\\Front-end\\typescript-solid-concepts\\src\\DIP\\services\\persistency.ts": {"path":"C:\\Users\\Caio Augusto\\Desktop\\Front-end\\typescript-solid-concepts\\src\\DIP\\services\\persistency.ts","statementMap":{"0":{"start":{"line":3,"column":0},"end":{"line":3,"column":13}},"1":{"start":{"line":4,"column":9},"end":{"line":6,"column":null}},"2":{"start":{"line":5,"column":4},"end":{"line":5,"column":32}},"3":{"start":{"line":7,"column":0},"end":{"line":7,"column":null}},"4":{"start":{"line":3,"column":13},"end":{"line":3,"column":24}}},"fnMap":{"0":{"name":"(anonymous_0)","decl":{"start":{"line":3,"column":0},"end":{"line":3,"column":13}},"loc":{"start":{"line":3,"column":0},"end":{"line":7,"column":null}}},"1":{"name":"(anonymous_2)","decl":{"start":{"line":4,"column":2},"end":{"line":4,"column":9}},"loc":{"start":{"line":4,"column":2},"end":{"line":6,"column":3}}}},"branchMap":{},"s":{"0":2,"1":2,"2":4,"3":2,"4":2},"f":{"0":6,"1":4},"b":{}}
}
