TN:
SF:src\DIP\classes\customer.ts
FN:7,(anonymous_0)
FN:10,IndividualCustomer
FN:16,(anonymous_2)
FN:20,(anonymous_3)
FN:24,(anonymous_4)
FN:27,EnterpriseCustomer
FN:29,(anonymous_6)
FN:33,(anonymous_7)
FNF:8
FNH:8
FNDA:2,(anonymous_0)
FNDA:2,IndividualCustomer
FNDA:2,(anonymous_2)
FNDA:2,(anonymous_3)
FNDA:2,(anonymous_4)
FNDA:1,EnterpriseCustomer
FNDA:1,(anonymous_6)
FNDA:1,(anonymous_7)
DA:7,2
DA:11,2
DA:12,2
DA:13,2
DA:16,2
DA:17,2
DA:20,2
DA:21,2
DA:23,2
DA:24,2
DA:27,1
DA:29,2
DA:30,1
DA:33,2
DA:34,1
DA:36,2
LF:16
LH:16
BRF:0
BRH:0
end_of_record
TN:
SF:src\DIP\classes\discount.ts
FN:1,(anonymous_6)
FN:4,(anonymous_8)
FN:9,(anonymous_9)
FN:13,(anonymous_11)
FN:17,(anonymous_13)
FNF:5
FNH:5
FNDA:10,(anonymous_6)
FNDA:4,(anonymous_8)
FNDA:4,(anonymous_9)
FNDA:4,(anonymous_11)
FNDA:8,(anonymous_13)
DA:1,3
DA:2,7
DA:4,3
DA:5,4
DA:7,3
DA:9,3
DA:10,1
DA:11,3
DA:13,3
DA:14,1
DA:15,3
DA:17,3
LF:12
LH:12
BRDA:9,0,0,1
BRDA:9,0,1,1
BRDA:9,0,2,1
BRDA:13,1,0,1
BRDA:13,1,1,1
BRDA:13,1,2,1
BRF:6
BRH:6
end_of_record
TN:
SF:src\DIP\classes\order.ts
FN:7,(anonymous_0)
FN:10,Order
FN:17,(anonymous_2)
FN:21,(anonymous_3)
FNF:4
FNH:4
FNDA:1,(anonymous_0)
FNDA:1,Order
FNDA:2,(anonymous_2)
FNDA:1,(anonymous_3)
DA:7,1
DA:8,1
DA:11,1
DA:12,1
DA:13,1
DA:14,1
DA:17,1
DA:18,2
DA:21,1
DA:22,1
DA:23,0
DA:26,1
DA:27,1
DA:28,1
DA:29,1
DA:30,1
DA:34,1
LF:17
LH:16
BRDA:22,0,0,0
BRF:1
BRH:0
end_of_record
TN:
SF:src\DIP\classes\product.ts
FN:3,(anonymous_0)
FN:4,Product
FNF:2
FNH:2
FNDA:1,(anonymous_0)
FNDA:2,Product
DA:3,1
DA:4,2
DA:5,1
LF:3
LH:3
BRF:0
BRH:0
end_of_record
TN:
SF:src\DIP\classes\shopping_cart.ts
FN:5,(anonymous_0)
FN:8,ShoppingCart
FN:10,(anonymous_2)
FN:14,(anonymous_3)
FN:18,(anonymous_4)
FN:22,(anonymous_5)
FN:24,(anonymous_6)
FN:28,(anonymous_7)
FN:32,(anonymous_8)
FN:36,(anonymous_9)
FNF:10
FNH:9
FNDA:2,(anonymous_0)
FNDA:4,ShoppingCart
FNDA:4,(anonymous_2)
FNDA:0,(anonymous_3)
FNDA:12,(anonymous_4)
FNDA:2,(anonymous_5)
FNDA:4,(anonymous_6)
FNDA:1,(anonymous_7)
FNDA:8,(anonymous_8)
FNDA:2,(anonymous_9)
DA:5,2
DA:6,4
DA:8,4
DA:10,2
DA:11,4
DA:14,2
DA:15,0
DA:18,2
DA:19,12
DA:22,2
DA:23,2
DA:24,4
DA:28,2
DA:29,1
DA:32,2
DA:33,8
DA:36,2
DA:37,2
DA:39,2
LF:19
LH:18
BRF:0
BRH:0
end_of_record
TN:
SF:src\DIP\services\messaging.ts
FN:3,(anonymous_0)
FN:4,(anonymous_2)
FNF:2
FNH:2
FNDA:9,(anonymous_0)
FNDA:7,(anonymous_2)
DA:3,2
DA:4,2
DA:5,7
DA:7,2
LF:4
LH:4
BRF:0
BRH:0
end_of_record
TN:
SF:src\DIP\services\persistency.ts
FN:3,(anonymous_0)
FN:4,(anonymous_2)
FNF:2
FNH:2
FNDA:6,(anonymous_0)
FNDA:4,(anonymous_2)
DA:3,2
DA:4,2
DA:5,4
DA:7,2
LF:4
LH:4
BRF:0
BRH:0
end_of_record
